0 info it worked if it ends with ok
1 verbose cli [ '/usr/bin/node', '/usr/bin/npm', 'run', 'dev' ]
2 info using npm@3.10.10
3 info using node@v6.10.0
4 verbose run-script [ 'predev', 'dev', 'postdev' ]
5 info lifecycle react-env-test@1.0.0~predev: react-env-test@1.0.0
6 silly lifecycle react-env-test@1.0.0~predev: no script for predev, continuing
7 info lifecycle react-env-test@1.0.0~dev: react-env-test@1.0.0
8 verbose lifecycle react-env-test@1.0.0~dev: unsafe-perm in lifecycle true
9 verbose lifecycle react-env-test@1.0.0~dev: PATH: /usr/lib/node_modules/npm/bin/node-gyp-bin:/home/selhar/Documents/projetos/freecodecamp/frontend-frameworks/drum/node_modules/.bin:/usr/local/bin:/usr/local/sbin:/usr/bin:/usr/sbin:/home/selhar/.local/bin:/home/selhar/bin
10 verbose lifecycle react-env-test@1.0.0~dev: CWD: /home/selhar/Documents/projetos/freecodecamp/frontend-frameworks/drum
11 silly lifecycle react-env-test@1.0.0~dev: Args: [ '-c', 'webpack-dev-server' ]
12 info lifecycle react-env-test@1.0.0~dev: Failed to exec dev script
13 verbose stack Error: react-env-test@1.0.0 dev: `webpack-dev-server`
13 verbose stack spawn ENOENT
13 verbose stack     at ChildProcess.<anonymous> (/usr/lib/node_modules/npm/lib/utils/spawn.js:33:16)
13 verbose stack     at emitTwo (events.js:106:13)
13 verbose stack     at ChildProcess.emit (events.js:191:7)
13 verbose stack     at maybeClose (internal/child_process.js:877:16)
13 verbose stack     at Process.ChildProcess._handle.onexit (internal/child_process.js:226:5)
14 verbose pkgid react-env-test@1.0.0
15 verbose cwd /home/selhar/Documents/projetos/freecodecamp/frontend-frameworks/drum
16 error Linux 4.10.5-200.fc25.x86_64
17 error argv "/usr/bin/node" "/usr/bin/npm" "run" "dev"
18 error node v6.10.0
19 error npm  v3.10.10
20 error file sh
21 error code ELIFECYCLE
22 error errno ENOENT
23 error syscall spawn
24 error react-env-test@1.0.0 dev: `webpack-dev-server`
24 error spawn ENOENT
25 error Failed at the react-env-test@1.0.0 dev script 'webpack-dev-server'.
25 error Make sure you have the latest version of node.js and npm installed.
25 error If you do, this is most likely a problem with the react-env-test package,
25 error not with npm itself.
25 error Tell the author that this fails on your system:
25 error     webpack-dev-server
25 error You can get information on how to open an issue for this project with:
25 error     npm bugs react-env-test
25 error Or if that isn't available, you can get their info via:
25 error     npm owner ls react-env-test
25 error There is likely additional logging output above.
26 verbose exit [ 1, true ]
