0 info it worked if it ends with ok
1 verbose cli [ '/usr/bin/node', '/usr/bin/npm', 'start', 'dev' ]
2 info using npm@3.10.10
3 info using node@v6.9.5
4 verbose stack Error: missing script: start
4 verbose stack     at run (/usr/lib/node_modules/npm/lib/run-script.js:151:19)
4 verbose stack     at /usr/lib/node_modules/npm/lib/run-script.js:61:5
4 verbose stack     at /usr/lib/node_modules/npm/node_modules.bundled/read-package-json/read-json.js:356:5
4 verbose stack     at checkBinReferences_ (/usr/lib/node_modules/npm/node_modules.bundled/read-package-json/read-json.js:320:45)
4 verbose stack     at final (/usr/lib/node_modules/npm/node_modules.bundled/read-package-json/read-json.js:354:3)
4 verbose stack     at then (/usr/lib/node_modules/npm/node_modules.bundled/read-package-json/read-json.js:124:5)
4 verbose stack     at ReadFileContext.<anonymous> (/usr/lib/node_modules/npm/node_modules.bundled/read-package-json/read-json.js:295:20)
4 verbose stack     at ReadFileContext.callback (/usr/lib/node_modules/npm/node_modules.bundled/graceful-fs/graceful-fs.js:78:16)
4 verbose stack     at FSReqWrap.readFileAfterOpen [as oncomplete] (fs.js:365:13)
5 verbose cwd /home/selhar/Documents/projetos/freecodecamp/frontend-frameworks/quote-machine
6 error Linux 4.9.6-200.fc25.x86_64
7 error argv "/usr/bin/node" "/usr/bin/npm" "start" "dev"
8 error node v6.9.5
9 error npm  v3.10.10
10 error missing script: start
11 error If you need help, you may report this error at:
11 error     <https://github.com/npm/npm/issues>
12 verbose exit [ 1, true ]
